# JRE version: Java(TM) SE Runtime Environment (17.0.10+11) (build 17.0.10+11-LTS-240)
# Java VM: Java HotSpot(TM) 64-Bit Server VM (17.0.10+11-LTS-240, mixed mode, sharing, tiered, compressed oops, compressed class ptrs, g1 gc, windows-amd64)
GC Precious Log:
 CPUs: 12 total, 12 available
 Memory: 8126M
 Large Page Support: Disabled
 NUMA Support: Disabled
 Compressed Oops: Enabled (32-bit)
 Heap Region Size: 1M
 Heap Min Capacity: 8M
 Heap Initial Capacity: 128M
 Heap Max Capacity: 2G
 Pre-touch: Disabled
 Parallel Workers: 10
 Concurrent Workers: 3
 Concurrent Refinement Workers: 10
 Periodic GC: Disabled
Heap:
 garbage-first heap   total 436224K, used 93151K [0x0000000080000000, 0x0000000100000000)
  region size 1024K, 4 young (4096K), 4 survivors (4096K)
 Metaspace       used 107864K, committed 108544K, reserved 557056K
  class space    used 13708K, committed 14016K, reserved 425984K
GC Heap History (20 events):
Event: 24.717 GC heap after
{Heap after GC invocations=54 (full 0):
 garbage-first heap   total 436224K, used 73469K [0x0000000080000000, 0x0000000100000000)
  region size 1024K, 9 young (9216K), 9 survivors (9216K)
 Metaspace       used 47476K, committed 47936K, reserved 491520K
  class space    used 6251K, committed 6464K, reserved 425984K
}
Event: 25.205 GC heap before
{Heap before GC invocations=54 (full 0):
 garbage-first heap   total 436224K, used 325373K [0x0000000080000000, 0x0000000100000000)
  region size 1024K, 255 young (261120K), 9 survivors (9216K)
 Metaspace       used 47480K, committed 47936K, reserved 491520K
  class space    used 6251K, committed 6464K, reserved 425984K
}
Event: 25.212 GC heap after
{Heap after GC invocations=55 (full 0):
 garbage-first heap   total 436224K, used 77109K [0x0000000080000000, 0x0000000100000000)
  region size 1024K, 11 young (11264K), 11 survivors (11264K)
 Metaspace       used 47480K, committed 47936K, reserved 491520K
  class space    used 6251K, committed 6464K, reserved 425984K
}
Event: 25.708 GC heap before
{Heap before GC invocations=55 (full 0):
 garbage-first heap   total 436224K, used 330037K [0x0000000080000000, 0x0000000100000000)
  region size 1024K, 255 young (261120K), 11 survivors (11264K)
 Metaspace       used 47545K, committed 48064K, reserved 491520K
  class space    used 6262K, committed 6464K, reserved 425984K
}
Event: 25.712 GC heap after
{Heap after GC invocations=56 (full 0):
 garbage-first heap   total 436224K, used 67415K [0x0000000080000000, 0x0000000100000000)
  region size 1024K, 6 young (6144K), 6 survivors (6144K)
 Metaspace       used 47545K, committed 48064K, reserved 491520K
  class space    used 6262K, committed 6464K, reserved 425984K
}
Event: 26.537 GC heap before
{Heap before GC invocations=56 (full 0):
 garbage-first heap   total 436224K, used 327511K [0x0000000080000000, 0x0000000100000000)
  region size 1024K, 255 young (261120K), 6 survivors (6144K)
 Metaspace       used 51204K, committed 51712K, reserved 491520K
  class space    used 7189K, committed 7424K, reserved 425984K
}
Event: 26.542 GC heap after
{Heap after GC invocations=57 (full 0):
 garbage-first heap   total 436224K, used 64439K [0x0000000080000000, 0x0000000100000000)
  region size 1024K, 5 young (5120K), 5 survivors (5120K)
 Metaspace       used 51204K, committed 51712K, reserved 491520K
  class space    used 7189K, committed 7424K, reserved 425984K
}
Event: 28.000 GC heap before
{Heap before GC invocations=57 (full 0):
 garbage-first heap   total 436224K, used 132023K [0x0000000080000000, 0x0000000100000000)
  region size 1024K, 72 young (73728K), 5 survivors (5120K)
 Metaspace       used 59635K, committed 60160K, reserved 491520K
  class space    used 8268K, committed 8512K, reserved 425984K
}
Event: 28.008 GC heap after
{Heap after GC invocations=58 (full 0):
 garbage-first heap   total 436224K, used 65961K [0x0000000080000000, 0x0000000100000000)
  region size 1024K, 6 young (6144K), 6 survivors (6144K)
 Metaspace       used 59635K, committed 60160K, reserved 491520K
  class space    used 8268K, committed 8512K, reserved 425984K
}
Event: 29.600 GC heap before
{Heap before GC invocations=59 (full 0):
 garbage-first heap   total 242688K, used 219561K [0x0000000080000000, 0x0000000100000000)
  region size 1024K, 142 young (145408K), 6 survivors (6144K)
 Metaspace       used 72414K, committed 73024K, reserved 491520K
  class space    used 9713K, committed 9984K, reserved 425984K
}
Event: 29.628 GC heap after
{Heap after GC invocations=60 (full 0):
 garbage-first heap   total 242688K, used 85018K [0x0000000080000000, 0x0000000100000000)
  region size 1024K, 18 young (18432K), 18 survivors (18432K)
 Metaspace       used 72414K, committed 73024K, reserved 491520K
  class space    used 9713K, committed 9984K, reserved 425984K
}
Event: 29.640 GC heap before
{Heap before GC invocations=60 (full 0):
 garbage-first heap   total 242688K, used 86042K [0x0000000080000000, 0x0000000100000000)
  region size 1024K, 19 young (19456K), 18 survivors (18432K)
 Metaspace       used 72519K, committed 73088K, reserved 491520K
  class space    used 9717K, committed 9984K, reserved 425984K
}
Event: 29.656 GC heap after
{Heap after GC invocations=61 (full 0):
 garbage-first heap   total 242688K, used 80085K [0x0000000080000000, 0x0000000100000000)
  region size 1024K, 3 young (3072K), 3 survivors (3072K)
 Metaspace       used 72519K, committed 73088K, reserved 491520K
  class space    used 9717K, committed 9984K, reserved 425984K
}
Event: 30.915 GC heap before
{Heap before GC invocations=61 (full 0):
 garbage-first heap   total 242688K, used 197845K [0x0000000080000000, 0x0000000100000000)
  region size 1024K, 117 young (119808K), 3 survivors (3072K)
 Metaspace       used 83527K, committed 84160K, reserved 557056K
  class space    used 10971K, committed 11264K, reserved 425984K
}
Event: 30.919 GC heap after
{Heap after GC invocations=62 (full 0):
 garbage-first heap   total 242688K, used 84537K [0x0000000080000000, 0x0000000100000000)
  region size 1024K, 7 young (7168K), 7 survivors (7168K)
 Metaspace       used 83527K, committed 84160K, reserved 557056K
  class space    used 10971K, committed 11264K, reserved 425984K
}
Event: 32.854 GC heap before
{Heap before GC invocations=63 (full 0):
 garbage-first heap   total 242688K, used 197177K [0x0000000080000000, 0x0000000100000000)
  region size 1024K, 117 young (119808K), 7 survivors (7168K)
 Metaspace       used 93840K, committed 94464K, reserved 557056K
  class space    used 12146K, committed 12416K, reserved 425984K
}
Event: 32.863 GC heap after
{Heap after GC invocations=64 (full 0):
 garbage-first heap   total 242688K, used 91343K [0x0000000080000000, 0x0000000100000000)
  region size 1024K, 14 young (14336K), 14 survivors (14336K)
 Metaspace       used 93840K, committed 94464K, reserved 557056K
  class space    used 12146K, committed 12416K, reserved 425984K
}
Event: 32.881 GC heap before
{Heap before GC invocations=64 (full 0):
 garbage-first heap   total 242688K, used 92367K [0x0000000080000000, 0x0000000100000000)
  region size 1024K, 15 young (15360K), 14 survivors (14336K)
 Metaspace       used 94026K, committed 94592K, reserved 557056K
  class space    used 12156K, committed 12416K, reserved 425984K
}
Event: 32.891 GC heap after
{Heap after GC invocations=65 (full 0):
 garbage-first heap   total 242688K, used 91297K [0x0000000080000000, 0x0000000100000000)
  region size 1024K, 2 young (2048K), 2 survivors (2048K)
 Metaspace       used 94026K, committed 94592K, reserved 557056K
  class space    used 12156K, committed 12416K, reserved 425984K
}
Event: 34.353 GC heap before
{Heap before GC invocations=65 (full 0):
 garbage-first heap   total 242688K, used 195745K [0x0000000080000000, 0x0000000100000000)
  region size 1024K, 104 young (106496K), 2 survivors (2048K)
 Metaspace       used 107864K, committed 108544K, reserved 557056K
  class space    used 13708K, committed 14016K, reserved 425984K
}

